2026-01-14 16:45:43 [INFO]: server 1 running on port 5001
2026-01-14 16:45:43 [INFO]: server 1 connected
2026-01-14 16:45:43 [INFO]: server 1 Tables synced
2026-01-14 16:47:13 [INFO]: server 2 running on port 5002
2026-01-14 16:47:13 [INFO]: server 2 Connected successfully
2026-01-14 16:47:13 [INFO]: server 2 Tables synced
2026-01-14 21:37:16 [INFO]: server 1 running on port 5001
2026-01-14 21:37:16 [INFO]: server 1 connected
2026-01-14 21:37:16 [INFO]: server 1 Tables synced
2026-01-14 21:37:54 [INFO]: server 1 running on port 5001
2026-01-14 21:37:54 [INFO]: server 1 connected
2026-01-14 21:37:54 [INFO]: server 1 Tables synced
2026-01-14 21:39:23 [INFO]: server 2 running on port 5002
2026-01-14 21:39:23 [INFO]: server 2 Connected successfully
2026-01-14 21:39:23 [INFO]: server 2 Tables synced
2026-01-14 21:43:37 [INFO]:  server-1 Product creation
2026-01-14 21:43:37 [INFO]: server-1 product creating
2026-01-14 21:43:37 [INFO]: server-1 product created
2026-01-14 21:43:37 [INFO]: server-1 Syncing product to Server 2
2026-01-14 21:43:37 [INFO]:  server-2 Product create request
2026-01-14 21:43:37 [INFO]: server-1 Product synced to Server 2
2026-01-14 21:45:37 [INFO]: server-1 order creation received
2026-01-14 21:45:37 [ERROR]: server-1 validation failed
2026-01-14 21:45:53 [INFO]: server-1 order creation received
2026-01-14 21:45:53 [ERROR]: server-1 validation failed
2026-01-14 21:46:33 [INFO]: server-1 order creation received
2026-01-14 21:46:33 [ERROR]: server-1 validation failed
2026-01-14 21:46:59 [INFO]: server-1 order creation received
2026-01-14 21:46:59 [INFO]: server-1 Order creating
2026-01-14 21:46:59 [INFO]: server-1 Order created
2026-01-14 21:46:59 [INFO]: server-1 Syncing order to Server 2
2026-01-14 21:46:59 [INFO]: server-2 order creation received
2026-01-14 21:46:59 [INFO]: server-2 Order creating
2026-01-14 21:46:59 [INFO]: server-2 Order created
2026-01-14 21:46:59 [INFO]: server-1 Order synced to Server 2
2026-01-14 21:48:26 [INFO]: server 1 running on port 5001
2026-01-14 21:48:26 [INFO]: server 1 connected
2026-01-14 21:48:26 [INFO]: server 1 Tables synced
2026-01-14 21:48:29 [INFO]: server 1 running on port 5001
2026-01-14 21:48:30 [INFO]: server 1 connected
2026-01-14 21:48:30 [INFO]: server 1 Tables synced
2026-01-14 21:48:32 [INFO]: server 1 running on port 5001
2026-01-14 21:48:32 [INFO]: server 1 connected
2026-01-14 21:48:32 [INFO]: server 1 Tables synced
2026-01-14 21:48:52 [INFO]: server 1 running on port 5001
2026-01-14 21:48:52 [INFO]: server 1 connected
2026-01-14 21:48:52 [INFO]: server 1 Tables synced
2026-01-14 21:50:35 [INFO]: server 1 running on port 5001
2026-01-14 21:50:35 [INFO]: server 1 connected
2026-01-14 21:50:36 [INFO]: server 1 Tables synced
2026-01-14 21:52:01 [INFO]: server 1 running on port 5001
2026-01-14 21:52:01 [INFO]: server 1 connected
2026-01-14 21:52:01 [INFO]: server 1 Tables synced
2026-01-14 21:53:35 [INFO]: server 1 running on port 5001
2026-01-14 21:53:36 [INFO]: server 1 connected
2026-01-14 21:53:36 [INFO]: server 1 Tables synced
2026-01-14 21:54:25 [INFO]: server 1 running on port 5001
2026-01-14 21:54:25 [INFO]: server 1 connected
2026-01-14 21:54:25 [INFO]: server 1 Tables synced
2026-01-14 21:54:29 [INFO]: server 1 running on port 5001
2026-01-14 21:54:29 [INFO]: server 1 connected
2026-01-14 21:54:29 [INFO]: server 1 Tables synced
2026-01-14 21:55:04 [INFO]: server 1 running on port 5001
2026-01-14 21:55:05 [INFO]: server 1 connected
2026-01-14 21:55:05 [INFO]: server 1 Tables synced
2026-01-14 21:55:22 [INFO]: server 1 running on port 5001
2026-01-14 21:55:22 [INFO]: server 1 connected
2026-01-14 21:55:22 [INFO]: server 1 Tables synced
2026-01-14 21:55:27 [INFO]: server 1 running on port 5001
2026-01-14 21:55:27 [INFO]: server 1 connected
2026-01-14 21:55:27 [INFO]: server 1 Tables synced
2026-01-14 21:55:30 [INFO]: server 1 running on port 5001
2026-01-14 21:55:30 [INFO]: server 1 connected
2026-01-14 21:55:30 [INFO]: server 1 Tables synced
2026-01-14 21:56:31 [INFO]: server 1 running on port 5001
2026-01-14 21:56:32 [INFO]: server 1 connected
2026-01-14 21:56:32 [INFO]: server 1 Tables synced
2026-01-14 21:56:39 [INFO]: server 1 running on port 5001
2026-01-14 21:56:39 [INFO]: server 1 connected
2026-01-14 21:56:39 [INFO]: server 1 Tables synced
2026-01-14 21:56:43 [INFO]: server 1 running on port 5001
2026-01-14 21:56:43 [INFO]: server 1 connected
2026-01-14 21:56:43 [INFO]: server 1 Tables synced
2026-01-14 21:56:51 [INFO]: server 1 running on port 5001
2026-01-14 21:56:52 [INFO]: server 1 connected
2026-01-14 21:56:52 [INFO]: server 1 Tables synced
2026-01-14 21:57:06 [INFO]: server 1 running on port 5001
2026-01-14 21:57:06 [INFO]: server 1 connected
2026-01-14 21:57:06 [INFO]: server 1 Tables synced
2026-01-14 21:57:26 [INFO]: server 1 running on port 5001
2026-01-14 21:57:26 [INFO]: server 1 connected
2026-01-14 21:57:26 [INFO]: server 1 Tables synced
2026-01-14 21:57:32 [INFO]: server 1 running on port 5001
2026-01-14 21:57:32 [INFO]: server 1 connected
2026-01-14 21:57:34 [INFO]: server 1 running on port 5001
2026-01-14 21:57:34 [INFO]: server 1 connected
2026-01-14 21:57:34 [INFO]: server 1 Tables synced
2026-01-14 21:57:37 [INFO]: server 1 running on port 5001
2026-01-14 21:57:37 [INFO]: server 1 connected
2026-01-14 21:57:37 [INFO]: server 1 Tables synced
2026-01-14 21:57:40 [INFO]: server 1 running on port 5001
2026-01-14 21:57:40 [INFO]: server 1 connected
2026-01-14 21:57:40 [INFO]: server 1 Tables synced
2026-01-14 21:57:42 [INFO]: server 1 running on port 5001
2026-01-14 21:57:42 [INFO]: server 1 connected
2026-01-14 21:57:42 [INFO]: server 1 Tables synced
2026-01-14 22:00:49 [INFO]: server 1 running on port 5001
2026-01-14 22:00:49 [INFO]: server 1 connected
2026-01-14 22:00:50 [INFO]: server 1 Tables synced
2026-01-14 22:01:02 [INFO]: server 1 running on port 5001
2026-01-14 22:01:02 [INFO]: server 1 connected
2026-01-14 22:01:02 [INFO]: server 1 Tables synced
2026-01-14 22:01:17 [INFO]: server 1 running on port 5001
2026-01-14 22:01:17 [INFO]: server 1 connected
2026-01-14 22:01:17 [INFO]: server 1 Tables synced
2026-01-14 22:01:29 [INFO]: server 1 running on port 5001
2026-01-14 22:01:29 [INFO]: server 1 connected
2026-01-14 22:01:29 [INFO]: server 1 Tables synced
2026-01-14 22:01:36 [INFO]: server 1 running on port 5001
2026-01-14 22:01:37 [INFO]: server 1 connected
2026-01-14 22:01:37 [INFO]: server 1 Tables synced
2026-01-14 22:01:58 [INFO]: server 1 running on port 5001
2026-01-14 22:01:58 [INFO]: server 1 connected
2026-01-14 22:01:58 [INFO]: server 1 Tables synced
2026-01-14 22:02:06 [INFO]: server 1 running on port 5001
2026-01-14 22:02:06 [INFO]: server 1 connected
2026-01-14 22:02:06 [INFO]: server 1 Tables synced
2026-01-14 22:02:08 [INFO]: server 1 running on port 5001
2026-01-14 22:02:08 [INFO]: server 1 connected
2026-01-14 22:02:08 [INFO]: server 1 Tables synced
2026-01-14 22:02:10 [INFO]: server 1 running on port 5001
2026-01-14 22:02:11 [INFO]: server 1 connected
2026-01-14 22:02:11 [INFO]: server 1 Tables synced
2026-01-14 22:02:13 [INFO]: server 1 running on port 5001
2026-01-14 22:02:13 [INFO]: server 1 connected
2026-01-14 22:02:13 [INFO]: server 1 Tables synced
2026-01-14 22:03:24 [INFO]: server 1 running on port 5001
2026-01-14 22:03:24 [INFO]: server 1 connected
2026-01-14 22:03:24 [INFO]: server 1 Tables synced
2026-01-14 22:03:28 [INFO]: server 1 running on port 5001
2026-01-14 22:03:28 [INFO]: server 1 connected
2026-01-14 22:03:28 [INFO]: server 1 Tables synced
2026-01-14 22:03:38 [INFO]: server 1 running on port 5001
2026-01-14 22:03:38 [INFO]: server 1 connected
2026-01-14 22:03:38 [INFO]: server 1 Tables synced
2026-01-14 22:03:48 [INFO]: server 1 running on port 5001
2026-01-14 22:03:48 [INFO]: server 1 connected
2026-01-14 22:03:48 [INFO]: server 1 Tables synced
2026-01-14 22:04:18 [INFO]: server 1 running on port 5001
2026-01-14 22:04:18 [INFO]: server 1 connected
2026-01-14 22:04:18 [INFO]: server 1 Tables synced
2026-01-14 22:04:42 [INFO]: server 1 running on port 5001
2026-01-14 22:04:42 [INFO]: server 1 connected
2026-01-14 22:04:42 [INFO]: server 1 Tables synced
2026-01-14 22:04:48 [INFO]: server 1 running on port 5001
2026-01-14 22:04:48 [INFO]: server 1 connected
2026-01-14 22:04:48 [INFO]: server 1 Tables synced
2026-01-14 22:05:02 [INFO]: server 1 running on port 5001
2026-01-14 22:05:02 [INFO]: server 1 connected
2026-01-14 22:05:02 [INFO]: server 1 Tables synced
2026-01-14 22:05:06 [INFO]: server 1 running on port 5001
2026-01-14 22:05:06 [INFO]: server 1 connected
2026-01-14 22:05:06 [INFO]: server 1 Tables synced
2026-01-14 22:05:12 [INFO]: server 1 running on port 5001
2026-01-14 22:05:12 [INFO]: server 1 connected
2026-01-14 22:05:12 [INFO]: server 1 Tables synced
2026-01-14 22:05:19 [INFO]: server 1 running on port 5001
2026-01-14 22:05:19 [INFO]: server 1 connected
2026-01-14 22:05:19 [INFO]: server 1 Tables synced
2026-01-14 22:05:35 [INFO]: server 1 running on port 5001
2026-01-14 22:05:35 [INFO]: server 1 connected
2026-01-14 22:05:35 [INFO]: server 1 Tables synced
2026-01-14 22:05:48 [INFO]: server 1 running on port 5001
2026-01-14 22:05:48 [INFO]: server 1 connected
2026-01-14 22:05:48 [INFO]: server 1 Tables synced
2026-01-14 22:06:35 [INFO]: server 1 running on port 5001
2026-01-14 22:06:35 [INFO]: server 1 connected
2026-01-14 22:06:36 [INFO]: server 1 Tables synced
2026-01-14 22:08:48 [INFO]: server 1 running on port 5001
2026-01-14 22:08:48 [INFO]: server 1 connected
2026-01-14 22:08:48 [INFO]: server 1 Tables synced
2026-01-14 22:08:53 [INFO]: server 1 running on port 5001
2026-01-14 22:08:54 [INFO]: server 1 connected
2026-01-14 22:08:54 [INFO]: server 1 Tables synced
2026-01-14 22:09:00 [INFO]: server 1 running on port 5001
2026-01-14 22:09:01 [INFO]: server 1 connected
2026-01-14 22:09:01 [INFO]: server 1 Tables synced
2026-01-14 22:09:07 [INFO]: server 1 running on port 5001
2026-01-14 22:09:07 [INFO]: server 1 connected
2026-01-14 22:09:07 [INFO]: server 1 Tables synced
2026-01-14 22:11:35 [INFO]: server 1 running on port 5001
2026-01-14 22:11:37 [INFO]: server 1 running on port 5001
2026-01-14 22:11:37 [INFO]: server 1 connected
2026-01-14 22:11:37 [INFO]: server 1 Tables synced
2026-01-14 22:11:39 [INFO]: server 1 running on port 5001
2026-01-14 22:11:39 [INFO]: server 1 connected
2026-01-14 22:11:39 [INFO]: server 1 Tables synced
2026-01-14 22:11:49 [INFO]: server 1 running on port 5001
2026-01-14 22:11:49 [INFO]: server 1 connected
2026-01-14 22:11:49 [INFO]: server 1 Tables synced
2026-01-14 22:11:52 [INFO]: server 1 running on port 5001
2026-01-14 22:11:52 [INFO]: server 1 connected
2026-01-14 22:11:52 [INFO]: server 1 Tables synced
2026-01-14 22:11:57 [INFO]: server 1 running on port 5001
2026-01-14 22:11:57 [INFO]: server 1 connected
2026-01-14 22:11:57 [INFO]: server 1 Tables synced
2026-01-14 22:12:11 [INFO]: server 1 running on port 5001
2026-01-14 22:12:11 [INFO]: server 1 connected
2026-01-14 22:12:11 [INFO]: server 1 Tables synced
2026-01-14 22:17:42 [INFO]: server 1 running on port 5001
2026-01-14 22:17:42 [INFO]: server 1 connected
2026-01-14 22:17:42 [INFO]: server 1 Tables synced
2026-01-14 22:17:44 [INFO]: server 1 running on port 5001
2026-01-14 22:17:44 [INFO]: server 1 connected
2026-01-14 22:17:45 [INFO]: server 1 Tables synced
2026-01-14 22:17:47 [INFO]: server 1 running on port 5001
2026-01-14 22:17:47 [INFO]: server 1 connected
2026-01-14 22:17:47 [INFO]: server 1 Tables synced
2026-01-14 22:18:08 [INFO]: server 1 running on port 5001
2026-01-14 22:18:08 [INFO]: server 1 connected
2026-01-14 22:18:08 [INFO]: server 1 Tables synced
2026-01-14 22:18:15 [INFO]: server 1 running on port 5001
2026-01-14 22:18:15 [INFO]: server 1 connected
2026-01-14 22:18:15 [INFO]: server 1 Tables synced
2026-01-14 22:18:21 [INFO]: server 1 running on port 5001
2026-01-14 22:18:21 [INFO]: server 1 connected
2026-01-14 22:18:21 [INFO]: server 1 Tables synced
2026-01-14 22:18:32 [INFO]: server 1 running on port 5001
2026-01-14 22:18:32 [INFO]: server 1 connected
2026-01-14 22:18:32 [INFO]: server 1 Tables synced
2026-01-14 22:21:14 [INFO]: server 1 running on port 5001
2026-01-14 22:21:14 [INFO]: server 1 connected
2026-01-14 22:21:14 [INFO]: server 1 Tables synced
2026-01-14 22:21:43 [INFO]: server 1 running on port 5001
2026-01-14 22:21:43 [INFO]: server 1 connected
2026-01-14 22:21:43 [INFO]: server 1 Tables synced
2026-01-14 22:21:48 [INFO]: server 1 running on port 5001
2026-01-14 22:21:48 [INFO]: server 1 connected
2026-01-14 22:21:48 [INFO]: server 1 Tables synced
2026-01-14 22:22:10 [INFO]: server 1 running on port 5001
2026-01-14 22:22:10 [INFO]: server 1 connected
2026-01-14 22:22:10 [INFO]: server 1 Tables synced
2026-01-14 22:22:17 [INFO]: server 1 running on port 5001
2026-01-14 22:22:17 [INFO]: server 1 connected
2026-01-14 22:22:17 [INFO]: server 1 Tables synced
2026-01-14 22:24:04 [INFO]: server-1 order creation received
2026-01-14 22:24:04 [INFO]: server-1 Order creating
2026-01-14 22:24:04 [INFO]: server-1 Order created
2026-01-14 22:24:04 [INFO]: server-1 Syncing order to Server 2
2026-01-14 22:24:04 [INFO]: server-2 order creation received
2026-01-14 22:24:05 [INFO]: server-2 Order creating
2026-01-14 22:24:05 [INFO]: server-2 Order created
2026-01-14 22:24:05 [INFO]: server-1 Order synced to Server 2
2026-01-14 22:24:15 [INFO]: server-1 order creation received
2026-01-14 22:24:15 [INFO]: server-1 Order creating
2026-01-14 22:24:15 [INFO]: server-1 Order created
2026-01-14 22:24:15 [INFO]: server-1 Syncing order to Server 2
2026-01-14 22:24:15 [INFO]: server-2 order creation received
2026-01-14 22:24:15 [INFO]: server-2 Order creating
2026-01-14 22:24:15 [INFO]: server-2 Order created
2026-01-14 22:24:15 [INFO]: server-1 Order synced to Server 2
2026-01-14 22:27:11 [INFO]: server 1 running on port 5001
2026-01-14 22:27:11 [INFO]: server 1 connected
2026-01-14 22:27:11 [INFO]: server 1 Tables synced
2026-01-14 22:27:15 [INFO]: server 1 running on port 5001
2026-01-14 22:27:16 [INFO]: server 1 connected
2026-01-14 22:27:16 [INFO]: server 1 Tables synced
2026-01-14 22:27:24 [INFO]: server 1 running on port 5001
2026-01-14 22:27:24 [INFO]: server 1 connected
2026-01-14 22:27:24 [INFO]: server 1 Tables synced
2026-01-14 22:27:33 [INFO]: server 1 running on port 5001
2026-01-14 22:27:34 [INFO]: server 1 connected
2026-01-14 22:27:34 [INFO]: server 1 Tables synced
2026-01-14 22:27:37 [INFO]: server 1 running on port 5001
2026-01-14 22:27:37 [INFO]: server 1 connected
2026-01-14 22:27:37 [INFO]: server 1 Tables synced
2026-01-14 22:27:44 [INFO]: server 1 running on port 5001
2026-01-14 22:27:44 [INFO]: server 1 connected
2026-01-14 22:27:44 [INFO]: server 1 Tables synced
2026-01-14 22:27:50 [INFO]: server 1 running on port 5001
2026-01-14 22:27:50 [INFO]: server 1 connected
2026-01-14 22:27:50 [INFO]: server 1 Tables synced
2026-01-14 22:28:05 [INFO]: server 1 running on port 5001
2026-01-14 22:28:05 [INFO]: server 1 connected
2026-01-14 22:28:05 [INFO]: server 1 Tables synced
2026-01-14 22:28:18 [INFO]: server 1 running on port 5001
2026-01-14 22:28:18 [INFO]: server 1 connected
2026-01-14 22:28:18 [INFO]: server 1 Tables synced
2026-01-14 22:28:35 [INFO]: server 1 running on port 5001
2026-01-14 22:28:35 [INFO]: server 1 connected
2026-01-14 22:28:35 [INFO]: server 1 Tables synced
2026-01-14 22:28:39 [INFO]: server 1 running on port 5001
2026-01-14 22:28:39 [INFO]: server 1 connected
2026-01-14 22:28:39 [INFO]: server 1 Tables synced
2026-01-14 22:28:48 [INFO]: server 1 running on port 5001
2026-01-14 22:28:48 [INFO]: server 1 connected
2026-01-14 22:28:48 [INFO]: server 1 Tables synced
2026-01-14 22:28:58 [INFO]: server 1 running on port 5001
2026-01-14 22:28:58 [INFO]: server 1 connected
2026-01-14 22:28:58 [INFO]: server 1 Tables synced
2026-01-14 22:30:17 [INFO]: server 1 running on port 5001
2026-01-14 22:30:17 [INFO]: server 1 connected
2026-01-14 22:30:17 [INFO]: server 1 Tables synced
2026-01-14 22:30:28 [INFO]: server 1 running on port 5001
2026-01-14 22:30:28 [INFO]: server 1 connected
2026-01-14 22:30:28 [INFO]: server 1 Tables synced
2026-01-14 22:30:36 [INFO]: server 1 running on port 5001
2026-01-14 22:30:37 [INFO]: server 1 connected
2026-01-14 22:30:37 [INFO]: server 1 Tables synced
2026-01-14 22:30:50 [INFO]: server 1 running on port 5001
2026-01-14 22:30:50 [INFO]: server 1 connected
2026-01-14 22:30:50 [INFO]: server 1 Tables synced
2026-01-14 22:31:02 [INFO]: server 1 running on port 5001
2026-01-14 22:31:02 [INFO]: server 1 connected
2026-01-14 22:31:02 [INFO]: server 1 Tables synced
2026-01-14 22:31:13 [INFO]: server 1 running on port 5001
2026-01-14 22:31:13 [INFO]: server 1 connected
2026-01-14 22:31:13 [INFO]: server 1 Tables synced
2026-01-14 22:31:56 [INFO]: server 1 running on port 5001
2026-01-14 22:31:56 [INFO]: server 1 connected
2026-01-14 22:31:56 [INFO]: server 1 Tables synced
2026-01-14 22:31:59 [INFO]: server 1 running on port 5001
2026-01-14 22:31:59 [INFO]: server 1 connected
2026-01-14 22:32:00 [INFO]: server 1 Tables synced
2026-01-14 22:32:08 [INFO]: server 1 running on port 5001
2026-01-14 22:32:08 [INFO]: server 1 connected
2026-01-14 22:32:08 [INFO]: server 1 Tables synced
2026-01-14 22:32:11 [INFO]: server 1 running on port 5001
2026-01-14 22:32:11 [INFO]: server 1 connected
2026-01-14 22:32:11 [INFO]: server 1 Tables synced
2026-01-14 22:32:18 [INFO]: server 1 running on port 5001
2026-01-14 22:32:18 [INFO]: server 1 connected
2026-01-14 22:32:18 [INFO]: server 1 Tables synced
2026-01-14 22:32:24 [INFO]: server 1 running on port 5001
2026-01-14 22:32:24 [INFO]: server 1 connected
2026-01-14 22:32:24 [INFO]: server 1 Tables synced
2026-01-14 22:32:31 [INFO]: server 1 running on port 5001
2026-01-14 22:32:31 [INFO]: server 1 connected
2026-01-14 22:32:31 [INFO]: server 1 Tables synced
2026-01-14 22:32:45 [INFO]: server 1 running on port 5001
2026-01-14 22:32:45 [INFO]: server 1 connected
2026-01-14 22:32:45 [INFO]: server 1 Tables synced
2026-01-14 22:32:53 [INFO]: server 1 running on port 5001
2026-01-14 22:32:53 [INFO]: server 1 connected
2026-01-14 22:32:53 [INFO]: server 1 Tables synced
2026-01-14 22:33:08 [INFO]: server 1 running on port 5001
2026-01-14 22:33:08 [INFO]: server 1 connected
2026-01-14 22:33:08 [INFO]: server 1 Tables synced
2026-01-14 22:33:12 [INFO]: server 1 running on port 5001
2026-01-14 22:33:12 [INFO]: server 1 connected
2026-01-14 22:33:12 [INFO]: server 1 Tables synced
2026-01-14 22:33:17 [INFO]: server 1 running on port 5001
2026-01-14 22:33:17 [INFO]: server 1 connected
2026-01-14 22:33:17 [INFO]: server 1 Tables synced
2026-01-14 22:33:19 [INFO]: server 1 running on port 5001
2026-01-14 22:33:20 [INFO]: server 1 connected
2026-01-14 22:33:20 [INFO]: server 1 Tables synced
2026-01-14 22:33:27 [INFO]: server 1 running on port 5001
2026-01-14 22:33:27 [INFO]: server 1 connected
2026-01-14 22:33:27 [INFO]: server 1 Tables synced
2026-01-14 22:33:32 [INFO]: server 1 running on port 5001
2026-01-14 22:33:33 [INFO]: server 1 connected
2026-01-14 22:33:33 [INFO]: server 1 Tables synced
2026-01-14 22:33:35 [INFO]: server 1 running on port 5001
2026-01-14 22:33:36 [INFO]: server 1 connected
2026-01-14 22:33:36 [INFO]: server 1 Tables synced
2026-01-14 22:33:46 [INFO]: server 1 running on port 5001
2026-01-14 22:33:47 [INFO]: server 1 connected
2026-01-14 22:33:47 [INFO]: server 1 Tables synced
2026-01-14 22:33:51 [INFO]: server 1 running on port 5001
2026-01-14 22:33:51 [INFO]: server 1 connected
2026-01-14 22:33:51 [INFO]: server 1 Tables synced
2026-01-14 22:34:01 [INFO]: server 1 running on port 5001
2026-01-14 22:34:02 [INFO]: server 1 connected
2026-01-14 22:34:02 [INFO]: server 1 Tables synced
2026-01-14 22:34:07 [INFO]: server 1 running on port 5001
2026-01-14 22:34:07 [INFO]: server 1 connected
2026-01-14 22:34:07 [INFO]: server 1 Tables synced
2026-01-14 22:34:13 [INFO]: server 1 running on port 5001
2026-01-14 22:34:13 [INFO]: server 1 connected
2026-01-14 22:34:13 [INFO]: server 1 Tables synced
2026-01-14 22:34:15 [INFO]: server 1 running on port 5001
2026-01-14 22:34:15 [INFO]: server 1 connected
2026-01-14 22:34:15 [INFO]: server 1 Tables synced
2026-01-14 22:34:19 [INFO]: server 1 running on port 5001
2026-01-14 22:34:19 [INFO]: server 1 connected
2026-01-14 22:34:19 [INFO]: server 1 Tables synced
2026-01-14 22:34:33 [INFO]: server 1 running on port 5001
2026-01-14 22:34:33 [INFO]: server 1 connected
2026-01-14 22:34:33 [INFO]: server 1 Tables synced
2026-01-14 22:35:35 [INFO]: server 2 running on port 5002
2026-01-15 11:30:44 [INFO]: server 2 running on port 5002
2026-01-15 11:30:44 [INFO]: server 2 Connected successfully
2026-01-15 11:30:44 [INFO]: server 2 Tables synced
2026-01-15 11:31:04 [INFO]: server 1 running on port 5001
2026-01-15 11:31:04 [INFO]: server 1 connected
2026-01-15 11:31:04 [INFO]: server 1 Tables synced
2026-01-15 11:39:53 [INFO]: server 1 running on port 5001
2026-01-15 11:39:53 [INFO]: server 1 connected
2026-01-15 11:39:53 [INFO]: server 1 Tables synced
